<html>
<head>
<title>TestNG:  Test</title>
<link href="../testng.css" rel="stylesheet" type="text/css" />
<link href="../my-testng.css" rel="stylesheet" type="text/css" />

<style type="text/css">
.log { display: none;} 
.stack-trace { display: none;} 
</style>
<script type="text/javascript">
<!--
function flip(e) {
  current = e.style.display;
  if (current == 'block') {
    e.style.display = 'none';
    return 0;
  }
  else {
    e.style.display = 'block';
    return 1;
  }
}

function toggleBox(szDivId, elem, msg1, msg2)
{
  var res = -1;  if (document.getElementById) {
    res = flip(document.getElementById(szDivId));
  }
  else if (document.all) {
    // this is the way old msie versions work
    res = flip(document.all[szDivId]);
  }
  if(elem) {
    if(res == 0) elem.innerHTML = msg1; else elem.innerHTML = msg2;
  }

}

function toggleAllBoxes() {
  if (document.getElementsByTagName) {
    d = document.getElementsByTagName('div');
    for (i = 0; i < d.length; i++) {
      if (d[i].className == 'log') {
        flip(d[i]);
      }
    }
  }
}

// -->
</script>

</head>
<body>
<h2 align='center'>Test</h2><table border='1' align="center">
<tr>
<td>Tests passed/Failed/Skipped:</td><td>8/1/0</td>
</tr><tr>
<td>Started on:</td><td>Wed Apr 16 10:53:26 IST 2025</td>
</tr>
<tr><td>Total time:</td><td>0 seconds (486 ms)</td>
</tr><tr>
<td>Included groups:</td><td></td>
</tr><tr>
<td>Excluded groups:</td><td></td>
</tr>
</table><p/>
<small><i>(Hover the method name to see the test class name)</i></small><p/>
<table width='100%' border='1' class='invocation-failed'>
<tr><td colspan='4' align='center'><b>FAILED TESTS</b></td></tr>
<tr><td><b>Test method</b></td>
<td><b>Attribute(s)</b></td>
<td width="30%"><b>Exception</b></td>
<td width="10%"><b>Time (seconds)</b></td>
<td><b>Instance</b></td>
</tr>
<tr>
<td title='com.internetherokuapp.tests.AorremoveTests.EleSeleClick()'><b>EleSeleClick</b><br>Test class: com.internetherokuapp.tests.AorremoveTests</td>
<td><div><pre>org.openqa.selenium.InvalidElementStateException: invalid element state
  (Session info: chrome=135.0.7049.95)
Build info: version: &apos;4.29.0&apos;, revision: &apos;5fc1ec94cb&apos;
System info: os.name: &apos;Windows 11&apos;, os.arch: &apos;amd64&apos;, os.version: &apos;10.0&apos;, java.version: &apos;23.0.1&apos;
Driver info: org.openqa.selenium.chrome.ChromeDriver
Command: [8b68ef886d6c027366288737bbd6bb16, clearElement {id=f.16BCC1AE3CAC5FF91BE45BD6CB9513A2.d.CBA566D9C81C32F007148AE7C9D13C36.e.9}]
Capabilities {acceptInsecureCerts: false, browserName: chrome, browserVersion: 135.0.7049.95, chrome: {chromedriverVersion: 135.0.7049.95 (de2eb485a195..., userDataDir: C:\Users\Adarsh\AppData\Loc...}, fedcm:accounts: true, goog:chromeOptions: {debuggerAddress: localhost:57810}, networkConnectionEnabled: false, pageLoadStrategy: normal, platformName: windows, proxy: Proxy(), se:cdp: ws://localhost:57810/devtoo..., se:cdpVersion: 135.0.7049.95, setWindowRect: true, strictFileInteractability: false, timeouts: {implicit: 0, pageLoad: 300000, script: 30000}, unhandledPromptBehavior: dismiss and notify, webauthn:extension:credBlob: true, webauthn:extension:largeBlob: true, webauthn:extension:minPinLength: true, webauthn:extension:prf: true, webauthn:virtualAuthenticators: true}
Element: [[ChromeDriver: chrome on windows (8b68ef886d6c027366288737bbd6bb16)] -&gt; xpath: //a[text()=&apos;Elemental Selenium&apos;]]
Session ID: 8b68ef886d6c027366288737bbd6bb16
	at org.openqa.selenium.remote.ErrorCodec.decode(ErrorCodec.java:167)
	at org.openqa.selenium.remote.codec.w3c.W3CHttpResponseCodec.decode(W3CHttpResponseCodec.java:138)
	at org.openqa.selenium.remote.codec.w3c.W3CHttpResponseCodec.decode(W3CHttpResponseCodec.java:50)
	at org.openqa.selenium.remote.HttpCommandExecutor.execute(HttpCommandExecutor.java:215)
	at org.openqa.selenium.remote.service.DriverCommandExecutor.invokeExecute(DriverCommandExecutor.java:216)
	at org.openqa.selenium.remote.service.DriverCommandExecutor.execute(DriverCommandExecutor.java:174)
	at org.openqa.selenium.remote.RemoteWebDriver.execute(RemoteWebDriver.java:545)
	at org.openqa.selenium.remote.RemoteWebElement.execute(RemoteWebElement.java:223)
	at org.openqa.selenium.remote.RemoteWebElement.clear(RemoteWebElement.java:129)
	at org.openqa.selenium.support.pagefactory.internal.LocatingElementHandler.invoke(LocatingElementHandler.java:51)
	at jdk.proxy2/jdk.proxy2.$Proxy15.clear(Unknown Source)
	at utils.elements.Myclear(elements.java:25)
	at com.internetherokuapp.pages.addOrRemoveElement.EleSelClick(addOrRemoveElement.java:53)
	at com.internetherokuapp.tests.AorremoveTests.EleSeleClick(AorremoveTests.java:52)
	at java.base/java.util.ArrayList.forEach(ArrayList.java:1597)
... Removed 30 stack frames</pre></div><a href='#' onClick='toggleBox("stack-trace1564078808", this, "Click to show all stack frames", "Click to hide stack frames")'>Click to show all stack frames</a>
<div class='stack-trace' id='stack-trace1564078808'><pre>org.openqa.selenium.InvalidElementStateException: invalid element state
  (Session info: chrome=135.0.7049.95)
Build info: version: &apos;4.29.0&apos;, revision: &apos;5fc1ec94cb&apos;
System info: os.name: &apos;Windows 11&apos;, os.arch: &apos;amd64&apos;, os.version: &apos;10.0&apos;, java.version: &apos;23.0.1&apos;
Driver info: org.openqa.selenium.chrome.ChromeDriver
Command: [8b68ef886d6c027366288737bbd6bb16, clearElement {id=f.16BCC1AE3CAC5FF91BE45BD6CB9513A2.d.CBA566D9C81C32F007148AE7C9D13C36.e.9}]
Capabilities {acceptInsecureCerts: false, browserName: chrome, browserVersion: 135.0.7049.95, chrome: {chromedriverVersion: 135.0.7049.95 (de2eb485a195..., userDataDir: C:\Users\Adarsh\AppData\Loc...}, fedcm:accounts: true, goog:chromeOptions: {debuggerAddress: localhost:57810}, networkConnectionEnabled: false, pageLoadStrategy: normal, platformName: windows, proxy: Proxy(), se:cdp: ws://localhost:57810/devtoo..., se:cdpVersion: 135.0.7049.95, setWindowRect: true, strictFileInteractability: false, timeouts: {implicit: 0, pageLoad: 300000, script: 30000}, unhandledPromptBehavior: dismiss and notify, webauthn:extension:credBlob: true, webauthn:extension:largeBlob: true, webauthn:extension:minPinLength: true, webauthn:extension:prf: true, webauthn:virtualAuthenticators: true}
Element: [[ChromeDriver: chrome on windows (8b68ef886d6c027366288737bbd6bb16)] -&gt; xpath: //a[text()=&apos;Elemental Selenium&apos;]]
Session ID: 8b68ef886d6c027366288737bbd6bb16
	at java.base/jdk.internal.reflect.DirectConstructorHandleAccessor.newInstance(DirectConstructorHandleAccessor.java:62)
	at java.base/java.lang.reflect.Constructor.newInstanceWithCaller(Constructor.java:501)
	at java.base/java.lang.reflect.Constructor.newInstance(Constructor.java:485)
	at org.openqa.selenium.remote.ErrorCodec.decode(ErrorCodec.java:167)
	at org.openqa.selenium.remote.codec.w3c.W3CHttpResponseCodec.decode(W3CHttpResponseCodec.java:138)
	at org.openqa.selenium.remote.codec.w3c.W3CHttpResponseCodec.decode(W3CHttpResponseCodec.java:50)
	at org.openqa.selenium.remote.HttpCommandExecutor.execute(HttpCommandExecutor.java:215)
	at org.openqa.selenium.remote.service.DriverCommandExecutor.invokeExecute(DriverCommandExecutor.java:216)
	at org.openqa.selenium.remote.service.DriverCommandExecutor.execute(DriverCommandExecutor.java:174)
	at org.openqa.selenium.remote.RemoteWebDriver.execute(RemoteWebDriver.java:545)
	at org.openqa.selenium.remote.RemoteWebElement.execute(RemoteWebElement.java:223)
	at org.openqa.selenium.remote.RemoteWebElement.clear(RemoteWebElement.java:129)
	at java.base/jdk.internal.reflect.DirectMethodHandleAccessor.invoke(DirectMethodHandleAccessor.java:103)
	at java.base/java.lang.reflect.Method.invoke(Method.java:580)
	at org.openqa.selenium.support.pagefactory.internal.LocatingElementHandler.invoke(LocatingElementHandler.java:51)
	at jdk.proxy2/jdk.proxy2.$Proxy15.clear(Unknown Source)
	at utils.elements.Myclear(elements.java:25)
	at com.internetherokuapp.pages.addOrRemoveElement.EleSelClick(addOrRemoveElement.java:53)
	at com.internetherokuapp.tests.AorremoveTests.EleSeleClick(AorremoveTests.java:52)
	at java.base/jdk.internal.reflect.DirectMethodHandleAccessor.invoke(DirectMethodHandleAccessor.java:103)
	at java.base/java.lang.reflect.Method.invoke(Method.java:580)
	at org.testng.internal.invokers.MethodInvocationHelper.invokeMethod(MethodInvocationHelper.java:141)
	at org.testng.internal.invokers.TestInvoker.invokeMethod(TestInvoker.java:687)
	at org.testng.internal.invokers.TestInvoker.invokeTestMethod(TestInvoker.java:230)
	at org.testng.internal.invokers.MethodRunner.runInSequence(MethodRunner.java:63)
	at org.testng.internal.invokers.TestInvoker$MethodInvocationAgent.invoke(TestInvoker.java:995)
	at org.testng.internal.invokers.TestInvoker.invokeTestMethods(TestInvoker.java:203)
	at org.testng.internal.invokers.TestMethodWorker.invokeTestMethods(TestMethodWorker.java:154)
	at org.testng.internal.invokers.TestMethodWorker.run(TestMethodWorker.java:134)
	at java.base/java.util.ArrayList.forEach(ArrayList.java:1597)
	at org.testng.TestRunner.privateRun(TestRunner.java:741)
	at org.testng.TestRunner.run(TestRunner.java:616)
	at org.testng.SuiteRunner.runTest(SuiteRunner.java:421)
	at org.testng.SuiteRunner.runSequentially(SuiteRunner.java:413)
	at org.testng.SuiteRunner.privateRun(SuiteRunner.java:373)
	at org.testng.SuiteRunner.run(SuiteRunner.java:312)
	at org.testng.SuiteRunnerWorker.runSuite(SuiteRunnerWorker.java:52)
	at org.testng.SuiteRunnerWorker.run(SuiteRunnerWorker.java:95)
	at org.testng.TestNG.runSuitesSequentially(TestNG.java:1274)
	at org.testng.TestNG.runSuitesLocally(TestNG.java:1208)
	at org.testng.TestNG.runSuites(TestNG.java:1112)
	at org.testng.TestNG.run(TestNG.java:1079)
	at org.testng.remote.AbstractRemoteTestNG.run(AbstractRemoteTestNG.java:115)
	at org.testng.remote.RemoteTestNG.initAndRun(RemoteTestNG.java:293)
	at org.testng.remote.RemoteTestNG.main(RemoteTestNG.java:91)
</pre></div></td>
<td>0</td>
<td>com.internetherokuapp.tests.AorremoveTests@88d6f9b</td></tr>
</table><p>
<table width='100%' border='1' class='invocation-passed'>
<tr><td colspan='4' align='center'><b>PASSED TESTS</b></td></tr>
<tr><td><b>Test method</b></td>
<td><b>Attribute(s)</b></td>
<td width="30%"><b>Exception</b></td>
<td width="10%"><b>Time (seconds)</b></td>
<td><b>Instance</b></td>
</tr>
<tr>
<td title='com.internetherokuapp.tests.AorremoveTests.elePre()'><b>elePre</b><br>Test class: com.internetherokuapp.tests.AorremoveTests</td>
<td></td>
<td>0</td>
<td>com.internetherokuapp.tests.AorremoveTests@88d6f9b</td></tr>
<tr>
<td title='com.internetherokuapp.tests.AorremoveTests.verifyHeaderisDisplayed()'><b>verifyHeaderisDisplayed</b><br>Test class: com.internetherokuapp.tests.AorremoveTests</td>
<td></td>
<td>0</td>
<td>com.internetherokuapp.tests.AorremoveTests@88d6f9b</td></tr>
<tr>
<td title='com.internetherokuapp.tests.ABTests.validateHeader()'><b>validateHeader</b><br>Test class: com.internetherokuapp.tests.ABTests</td>
<td></td>
<td>0</td>
<td>com.internetherokuapp.tests.ABTests@7fe083b1</td></tr>
<tr>
<td title='com.internetherokuapp.tests.ABTests.verifyParaStartsWithText()'><b>verifyParaStartsWithText</b><br>Test class: com.internetherokuapp.tests.ABTests</td>
<td></td>
<td>0</td>
<td>com.internetherokuapp.tests.ABTests@7fe083b1</td></tr>
<tr>
<td title='com.internetherokuapp.tests.AorremoveTests.clickOnAddEle()'><b>clickOnAddEle</b><br>Test class: com.internetherokuapp.tests.AorremoveTests</td>
<td></td>
<td>0</td>
<td>com.internetherokuapp.tests.AorremoveTests@88d6f9b</td></tr>
<tr>
<td title='com.internetherokuapp.tests.ABTests.verifyParaEndsWith()'><b>verifyParaEndsWith</b><br>Test class: com.internetherokuapp.tests.ABTests<br/>
<a href="#Output-882706486" onClick='toggleBox("Output-882706486", this, "Show output", "Hide output");'>Show output</a>

<a href="#Output-882706486" onClick="toggleAllBoxes();">Show all outputs</a>
<div class='log' id="Output-882706486">
Paragraph has the particular text<br/>
</div>
</td>
<td></td>
<td>0</td>
<td>com.internetherokuapp.tests.ABTests@7fe083b1</td></tr>
<tr>
<td title='com.internetherokuapp.tests.AorremoveTests.validateDeleteisDisplayed()'><b>validateDeleteisDisplayed</b><br>Test class: com.internetherokuapp.tests.AorremoveTests</td>
<td></td>
<td>0</td>
<td>com.internetherokuapp.tests.AorremoveTests@88d6f9b</td></tr>
<tr>
<td title='com.internetherokuapp.tests.ABTests.verifyEleSeleniumBtnIsPres()'><b>verifyEleSeleniumBtnIsPres</b><br>Test class: com.internetherokuapp.tests.ABTests<br/>
<a href="#Output-1164289802" onClick='toggleBox("Output-1164289802", this, "Show output", "Hide output");'>Show output</a>

<a href="#Output-1164289802" onClick="toggleAllBoxes();">Show all outputs</a>
<div class='log' id="Output-1164289802">
Element Selenium Button is Present<br/>
</div>
</td>
<td></td>
<td>0</td>
<td>com.internetherokuapp.tests.ABTests@7fe083b1</td></tr>
</table><p>
</body>
</html>